-------------------------------------------------------------------------------
Test set: TestSuite
-------------------------------------------------------------------------------
Tests run: 2, Failures: 1, Errors: 0, Skipped: 0, Time elapsed: 0.437 sec <<< FAILURE!
testClient(org.elasterix.sip.client.SipClientTest)  Time elapsed: 0 sectestInviteMessage(org.elasterix.sip.codec.SipRequestDecoderTest)  Time elapsed: 0.031 sec  <<< FAILURE!
java.lang.Exception: 
	at org.elasterix.sip.codec.SipRequestDecoderTest.testInviteMessage(SipRequestDecoderTest.java:36)
